Assembler report for spi_cs_mux
Fri Apr 11 17:09:42 2014
Quartus II 64-Bit Version 11.0 Build 157 04/27/2011 SJ Full Version


---------------------
; Table of Contents ;
---------------------
  1. Legal Notice
  2. Assembler Summary
  3. Assembler Settings
  4. Assembler Generated Files
  5. Assembler Device Options: D:/ass-scara/VHDL/SPI_CS_MUX/quartus_ii_max_ii/spi_cs_mux.pof
  6. Assembler Messages



----------------
; Legal Notice ;
----------------
Copyright (C) 1991-2011 Altera Corporation
Your use of Altera Corporation's design tools, logic functions 
and other software and tools, and its AMPP partner logic 
functions, and any output files from any of the foregoing 
(including device programming or simulation files), and any 
associated documentation or information are expressly subject 
to the terms and conditions of the Altera Program License 
Subscription Agreement, Altera MegaCore Function License 
Agreement, or other applicable license agreement, including, 
without limitation, that your use is for the sole purpose of 
programming logic devices manufactured by Altera and sold by 
Altera or its authorized distributors.  Please refer to the 
applicable agreement for further details.



+---------------------------------------------------------------+
; Assembler Summary                                             ;
+-----------------------+---------------------------------------+
; Assembler Status      ; Successful - Fri Apr 11 17:09:42 2014 ;
; Revision Name         ; spi_cs_mux                            ;
; Top-level Entity Name ; spi_cs_mux                            ;
; Family                ; MAX II                                ;
; Device                ; EPM570T100C5                          ;
+-----------------------+---------------------------------------+


+---------------------------------------------------------------------------------------------------------+
; Assembler Settings                                                                                      ;
+-----------------------------------------------------------------------------+-----------+---------------+
; Option                                                                      ; Setting   ; Default Value ;
+-----------------------------------------------------------------------------+-----------+---------------+
; Use smart compilation                                                       ; Off       ; Off           ;
; Enable parallel Assembler and TimeQuest Timing Analyzer during compilation  ; On        ; On            ;
; Enable compact report table                                                 ; Off       ; Off           ;
; Compression mode                                                            ; Off       ; Off           ;
; Clock source for configuration device                                       ; Internal  ; Internal      ;
; Clock frequency of the configuration device                                 ; 10 MHZ    ; 10 MHz        ;
; Divide clock frequency by                                                   ; 1         ; 1             ;
; Auto user code                                                              ; Off       ; Off           ;
; Security bit                                                                ; Off       ; Off           ;
; Use configuration device                                                    ; On        ; On            ;
; Configuration device                                                        ; Auto      ; Auto          ;
; Configuration device auto user code                                         ; Off       ; Off           ;
; Generate Tabular Text File (.ttf) For Target Device                         ; Off       ; Off           ;
; Generate Raw Binary File (.rbf) For Target Device                           ; Off       ; Off           ;
; Generate Hexadecimal (Intel-Format) Output File (.hexout) for Target Device ; Off       ; Off           ;
; Hexadecimal Output File start address                                       ; 0         ; 0             ;
; Hexadecimal Output File count direction                                     ; Up        ; Up            ;
; Generate Serial Vector Format File (.svf) for Target Device                 ; Off       ; Off           ;
; Generate a JEDEC STAPL Format File (.jam) for Target Device                 ; Off       ; Off           ;
; Generate a compressed Jam STAPL Byte Code 2.0 File (.jbc) for Target Device ; Off       ; Off           ;
; Generate a compressed Jam STAPL Byte Code 2.0 File (.jbc) for Target Device ; On        ; On            ;
; In-System Programming Default Clamp State                                   ; Tri-state ; Tri-state     ;
+-----------------------------------------------------------------------------+-----------+---------------+


+---------------------------------------------------------------+
; Assembler Generated Files                                     ;
+---------------------------------------------------------------+
; File Name                                                     ;
+---------------------------------------------------------------+
; D:/ass-scara/VHDL/SPI_CS_MUX/quartus_ii_max_ii/spi_cs_mux.pof ;
+---------------------------------------------------------------+


+-----------------------------------------------------------------------------------------+
; Assembler Device Options: D:/ass-scara/VHDL/SPI_CS_MUX/quartus_ii_max_ii/spi_cs_mux.pof ;
+----------------+------------------------------------------------------------------------+
; Option         ; Setting                                                                ;
+----------------+------------------------------------------------------------------------+
; Device         ; EPM570T100C5                                                           ;
; JTAG usercode  ; 0xFFFFFFFF                                                             ;
; Checksum       ; 0x003395D7                                                             ;
+----------------+------------------------------------------------------------------------+


+--------------------+
; Assembler Messages ;
+--------------------+
Info: *******************************************************************
Info: Running Quartus II 64-Bit Assembler
    Info: Version 11.0 Build 157 04/27/2011 SJ Full Version
    Info: Processing started: Fri Apr 11 17:09:41 2014
Info: Command: quartus_asm --read_settings_files=off --write_settings_files=off spi_cs_mux -c spi_cs_mux
Info: Writing out detailed assembly data for power analysis
Info: Assembler is generating device programming files
Info: Quartus II 64-Bit Assembler was successful. 0 errors, 0 warnings
    Info: Peak virtual memory: 285 megabytes
    Info: Processing ended: Fri Apr 11 17:09:42 2014
    Info: Elapsed time: 00:00:01
    Info: Total CPU time (on all processors): 00:00:00


