Fitter report for spi_cs_mux
Fri Apr 11 17:09:41 2014
Quartus II 64-Bit Version 11.0 Build 157 04/27/2011 SJ Full Version


---------------------
; Table of Contents ;
---------------------
  1. Legal Notice
  2. Fitter Summary
  3. Fitter Settings
  4. Parallel Compilation
  5. Pin-Out File
  6. Fitter Resource Usage Summary
  7. Input Pins
  8. Output Pins
  9. I/O Bank Usage
 10. All Package Pins
 11. Output Pin Default Load For Reported TCO
 12. Fitter Resource Utilization by Entity
 13. Delay Chain Summary
 14. Control Signals
 15. Global & Other Fast Signals
 16. Non-Global High Fan-Out Signals
 17. Interconnect Usage Summary
 18. LAB Logic Elements
 19. LAB-wide Signals
 20. LAB Signals Sourced
 21. LAB Signals Sourced Out
 22. LAB Distinct Inputs
 23. Fitter Device Options
 24. Fitter Messages
 25. Fitter Suppressed Messages



----------------
; Legal Notice ;
----------------
Copyright (C) 1991-2011 Altera Corporation
Your use of Altera Corporation's design tools, logic functions 
and other software and tools, and its AMPP partner logic 
functions, and any output files from any of the foregoing 
(including device programming or simulation files), and any 
associated documentation or information are expressly subject 
to the terms and conditions of the Altera Program License 
Subscription Agreement, Altera MegaCore Function License 
Agreement, or other applicable license agreement, including, 
without limitation, that your use is for the sole purpose of 
programming logic devices manufactured by Altera and sold by 
Altera or its authorized distributors.  Please refer to the 
applicable agreement for further details.



+-----------------------------------------------------------------------+
; Fitter Summary                                                        ;
+---------------------------+-------------------------------------------+
; Fitter Status             ; Successful - Fri Apr 11 17:09:41 2014     ;
; Quartus II 64-Bit Version ; 11.0 Build 157 04/27/2011 SJ Full Version ;
; Revision Name             ; spi_cs_mux                                ;
; Top-level Entity Name     ; spi_cs_mux                                ;
; Family                    ; MAX II                                    ;
; Device                    ; EPM570T100C5                              ;
; Timing Models             ; Final                                     ;
; Total logic elements      ; 50 / 570 ( 9 % )                          ;
; Total pins                ; 20 / 76 ( 26 % )                          ;
; Total virtual pins        ; 0                                         ;
; UFM blocks                ; 0 / 1 ( 0 % )                             ;
+---------------------------+-------------------------------------------+


+----------------------------------------------------------------------------------------------------------------------------------------------+
; Fitter Settings                                                                                                                              ;
+----------------------------------------------------------------------------+--------------------------------+--------------------------------+
; Option                                                                     ; Setting                        ; Default Value                  ;
+----------------------------------------------------------------------------+--------------------------------+--------------------------------+
; Device                                                                     ; EPM570T100C5                   ;                                ;
; Minimum Core Junction Temperature                                          ; 0                              ;                                ;
; Maximum Core Junction Temperature                                          ; 85                             ;                                ;
; Fit Attempts to Skip                                                       ; 0                              ; 0.0                            ;
; Device I/O Standard                                                        ; 3.3-V LVTTL                    ;                                ;
; PowerPlay Power Optimization                                               ; Off                            ; Normal compilation             ;
; Use smart compilation                                                      ; Off                            ; Off                            ;
; Enable parallel Assembler and TimeQuest Timing Analyzer during compilation ; On                             ; On                             ;
; Enable compact report table                                                ; Off                            ; Off                            ;
; Use TimeQuest Timing Analyzer                                              ; Off                            ; Off                            ;
; Router Timing Optimization Level                                           ; Normal                         ; Normal                         ;
; Placement Effort Multiplier                                                ; 1.0                            ; 1.0                            ;
; Router Effort Multiplier                                                   ; 1.0                            ; 1.0                            ;
; Always Enable Input Buffers                                                ; Off                            ; Off                            ;
; Optimize Hold Timing                                                       ; IO Paths and Minimum TPD Paths ; IO Paths and Minimum TPD Paths ;
; Optimize Multi-Corner Timing                                               ; Off                            ; Off                            ;
; Guarantee I/O Paths Have Zero Hold Time at Fast Corner                     ; On                             ; On                             ;
; Optimize Timing                                                            ; Normal compilation             ; Normal compilation             ;
; Optimize Timing for ECOs                                                   ; Off                            ; Off                            ;
; Regenerate full fit report during ECO compiles                             ; Off                            ; Off                            ;
; Optimize IOC Register Placement for Timing                                 ; Normal                         ; Normal                         ;
; Limit to One Fitting Attempt                                               ; Off                            ; Off                            ;
; Final Placement Optimizations                                              ; Automatically                  ; Automatically                  ;
; Fitter Aggressive Routability Optimizations                                ; Automatically                  ; Automatically                  ;
; Fitter Initial Placement Seed                                              ; 1                              ; 1                              ;
; Slow Slew Rate                                                             ; Off                            ; Off                            ;
; PCI I/O                                                                    ; Off                            ; Off                            ;
; Weak Pull-Up Resistor                                                      ; Off                            ; Off                            ;
; Enable Bus-Hold Circuitry                                                  ; Off                            ; Off                            ;
; Auto Delay Chains                                                          ; On                             ; On                             ;
; Perform Physical Synthesis for Combinational Logic for Performance         ; Off                            ; Off                            ;
; Perform Register Duplication for Performance                               ; Off                            ; Off                            ;
; Perform Register Retiming for Performance                                  ; Off                            ; Off                            ;
; Perform Asynchronous Signal Pipelining                                     ; Off                            ; Off                            ;
; Fitter Effort                                                              ; Auto Fit                       ; Auto Fit                       ;
; Physical Synthesis Effort Level                                            ; Normal                         ; Normal                         ;
; Logic Cell Insertion - Logic Duplication                                   ; Auto                           ; Auto                           ;
; Auto Register Duplication                                                  ; Auto                           ; Auto                           ;
; Auto Global Clock                                                          ; On                             ; On                             ;
; Auto Global Register Control Signals                                       ; On                             ; On                             ;
; Force Fitter to Avoid Periphery Placement Warnings                         ; Off                            ; Off                            ;
+----------------------------------------------------------------------------+--------------------------------+--------------------------------+


+------------------------------------------+
; Parallel Compilation                     ;
+----------------------------+-------------+
; Processors                 ; Number      ;
+----------------------------+-------------+
; Number detected on machine ; 4           ;
; Maximum allowed            ; 4           ;
;                            ;             ;
; Average used               ; 1.00        ;
; Maximum used               ; 4           ;
;                            ;             ;
; Usage by Processor         ; % Time Used ;
;     1 processor            ; 100.0%      ;
;     2-4 processors         ; < 0.1%      ;
+----------------------------+-------------+


+--------------+
; Pin-Out File ;
+--------------+
The pin-out file can be found in D:/ass-scara/VHDL/SPI_CS_MUX/quartus_ii_max_ii/spi_cs_mux.pin.


+----------------------------------------------------------------+
; Fitter Resource Usage Summary                                  ;
+---------------------------------------------+------------------+
; Resource                                    ; Usage            ;
+---------------------------------------------+------------------+
; Total logic elements                        ; 50 / 570 ( 9 % ) ;
;     -- Combinational with no register       ; 23               ;
;     -- Register only                        ; 5                ;
;     -- Combinational with a register        ; 22               ;
;                                             ;                  ;
; Logic element usage by number of LUT inputs ;                  ;
;     -- 4 input functions                    ; 18               ;
;     -- 3 input functions                    ; 3                ;
;     -- 2 input functions                    ; 18               ;
;     -- 1 input functions                    ; 6                ;
;     -- 0 input functions                    ; 0                ;
;                                             ;                  ;
; Logic elements by mode                      ;                  ;
;     -- normal mode                          ; 41               ;
;     -- arithmetic mode                      ; 9                ;
;     -- qfbk mode                            ; 3                ;
;     -- register cascade mode                ; 0                ;
;     -- synchronous clear/load mode          ; 8                ;
;     -- asynchronous clear/load mode         ; 12               ;
;                                             ;                  ;
; Total registers                             ; 27 / 570 ( 5 % ) ;
; Total LABs                                  ; 5 / 57 ( 9 % )   ;
; Logic elements in carry chains              ; 11               ;
; User inserted logic elements                ; 0                ;
; Virtual pins                                ; 0                ;
; I/O pins                                    ; 20 / 76 ( 26 % ) ;
;     -- Clock pins                           ; 1 / 4 ( 25 % )   ;
; Global signals                              ; 2                ;
; UFM blocks                                  ; 0 / 1 ( 0 % )    ;
; Global clocks                               ; 2 / 4 ( 50 % )   ;
; JTAGs                                       ; 0 / 1 ( 0 % )    ;
; Average interconnect usage (total/H/V)      ; 3% / 4% / 3%     ;
; Peak interconnect usage (total/H/V)         ; 3% / 4% / 3%     ;
; Maximum fan-out node                        ; isl_clk          ;
; Maximum fan-out                             ; 27               ;
; Highest non-global fan-out signal           ; isl_selector     ;
; Highest non-global fan-out                  ; 10               ;
; Total fan-out                               ; 192              ;
; Average fan-out                             ; 2.74             ;
+---------------------------------------------+------------------+


+----------------------------------------------------------------------------------------------------------------------------------------------------------------------------------------------------------------------+
; Input Pins                                                                                                                                                                                                           ;
+---------------+-------+----------+--------------+--------------+-------------+-----------------------+--------------------+--------+-----------------+----------+--------------+--------------+----------------------+
; Name          ; Pin # ; I/O Bank ; X coordinate ; Y coordinate ; Cell number ; Combinational Fan-Out ; Registered Fan-Out ; Global ; PCI I/O Enabled ; Bus Hold ; Weak Pull Up ; I/O Standard ; Location assigned by ;
+---------------+-------+----------+--------------+--------------+-------------+-----------------------+--------------------+--------+-----------------+----------+--------------+--------------+----------------------+
; isl_CS_n      ; 2     ; 1        ; 1            ; 8            ; 0           ; 1                     ; 0                  ; no     ; no              ; no       ; Off          ; 3.3-V LVTTL  ; User                 ;
; isl_MISO_MOT  ; 27    ; 1        ; 3            ; 3            ; 1           ; 1                     ; 0                  ; no     ; no              ; no       ; Off          ; 3.3-V LVTTL  ; User                 ;
; isl_MISO_SENS ; 36    ; 1        ; 6            ; 3            ; 0           ; 1                     ; 0                  ; no     ; no              ; no       ; Off          ; 3.3-V LVTTL  ; User                 ;
; isl_MOSI      ; 5     ; 1        ; 0            ; 7            ; 2           ; 1                     ; 0                  ; no     ; no              ; no       ; Off          ; 3.3-V LVTTL  ; User                 ;
; isl_SCLK      ; 3     ; 1        ; 1            ; 8            ; 2           ; 1                     ; 0                  ; no     ; no              ; no       ; Off          ; 3.3-V LVTTL  ; User                 ;
; isl_clk       ; 62    ; 2        ; 13           ; 4            ; 4           ; 27                    ; 0                  ; yes    ; no              ; no       ; Off          ; 3.3-V LVTTL  ; User                 ;
; isl_selector  ; 26    ; 1        ; 3            ; 3            ; 2           ; 10                    ; 0                  ; no     ; no              ; no       ; Off          ; 3.3-V LVTTL  ; User                 ;
; islv_ios[0]   ; 68    ; 2        ; 13           ; 4            ; 0           ; 1                     ; 0                  ; no     ; no              ; no       ; Off          ; 3.3-V LVTTL  ; User                 ;
; islv_ios[1]   ; 69    ; 2        ; 13           ; 5            ; 0           ; 1                     ; 0                  ; no     ; no              ; no       ; Off          ; 3.3-V LVTTL  ; User                 ;
; islv_ios[2]   ; 70    ; 2        ; 13           ; 6            ; 5           ; 1                     ; 0                  ; no     ; no              ; no       ; Off          ; 3.3-V LVTTL  ; User                 ;
; islv_ios[3]   ; 71    ; 2        ; 13           ; 6            ; 2           ; 1                     ; 0                  ; no     ; no              ; no       ; Off          ; 3.3-V LVTTL  ; User                 ;
+---------------+-------+----------+--------------+--------------+-------------+-----------------------+--------------------+--------+-----------------+----------+--------------+--------------+----------------------+


+--------------------------------------------------------------------------------------------------------------------------------------------------------------------------------------------------------------------------------------------------------------------------------------------------------------------------------+
; Output Pins                                                                                                                                                                                                                                                                                                                    ;
+--------------+-------+----------+--------------+--------------+-------------+-----------------+----------------+-----------------+------------+---------------+----------+--------------+--------------+------------------+------------------------+----------------------+-------+----------------------+---------------------+
; Name         ; Pin # ; I/O Bank ; X coordinate ; Y coordinate ; Cell number ; Output Register ; Slow Slew Rate ; PCI I/O Enabled ; Open Drain ; TRI Primitive ; Bus Hold ; Weak Pull Up ; I/O Standard ; Current Strength ; Fast Output Connection ; Location assigned by ; Load  ; Output Enable Source ; Output Enable Group ;
+--------------+-------+----------+--------------+--------------+-------------+-----------------+----------------+-----------------+------------+---------------+----------+--------------+--------------+------------------+------------------------+----------------------+-------+----------------------+---------------------+
; osl_CS_0_n   ; 44    ; 1        ; 8            ; 3            ; 2           ; no              ; no             ; no              ; no         ; no            ; no       ; Off          ; 3.3-V LVTTL  ; 16mA             ; no                     ; User                 ; 10 pF ; -                    ; -                   ;
; osl_CS_1_n   ; 43    ; 1        ; 8            ; 3            ; 3           ; no              ; no             ; no              ; no         ; no            ; no       ; Off          ; 3.3-V LVTTL  ; 16mA             ; no                     ; User                 ; 10 pF ; -                    ; -                   ;
; osl_MISO     ; 4     ; 1        ; 0            ; 7            ; 0           ; no              ; no             ; no              ; no         ; no            ; no       ; Off          ; 3.3-V LVTTL  ; 16mA             ; no                     ; User                 ; 10 pF ; -                    ; -                   ;
; osl_MOSI     ; 35    ; 1        ; 6            ; 3            ; 1           ; no              ; no             ; no              ; no         ; no            ; no       ; Off          ; 3.3-V LVTTL  ; 16mA             ; no                     ; User                 ; 10 pF ; -                    ; -                   ;
; osl_SCLK     ; 41    ; 1        ; 7            ; 3            ; 1           ; no              ; no             ; no              ; no         ; no            ; no       ; Off          ; 3.3-V LVTTL  ; 16mA             ; no                     ; User                 ; 10 pF ; -                    ; -                   ;
; oslv_leds[0] ; 72    ; 2        ; 13           ; 6            ; 1           ; no              ; no             ; no              ; no         ; no            ; no       ; Off          ; 3.3-V LVTTL  ; 16mA             ; no                     ; User                 ; 10 pF ; -                    ; -                   ;
; oslv_leds[1] ; 73    ; 2        ; 13           ; 7            ; 5           ; no              ; no             ; no              ; no         ; no            ; no       ; Off          ; 3.3-V LVTTL  ; 16mA             ; no                     ; User                 ; 10 pF ; -                    ; -                   ;
; oslv_leds[2] ; 74    ; 2        ; 13           ; 7            ; 3           ; no              ; no             ; no              ; no         ; no            ; no       ; Off          ; 3.3-V LVTTL  ; 16mA             ; no                     ; User                 ; 10 pF ; -                    ; -                   ;
; oslv_leds[3] ; 75    ; 2        ; 13           ; 7            ; 1           ; no              ; no             ; no              ; no         ; no            ; no       ; Off          ; 3.3-V LVTTL  ; 16mA             ; no                     ; User                 ; 10 pF ; -                    ; -                   ;
+--------------+-------+----------+--------------+--------------+-------------+-----------------+----------------+-----------------+------------+---------------+----------+--------------+--------------+------------------+------------------------+----------------------+-------+----------------------+---------------------+


+------------------------------------------------------------+
; I/O Bank Usage                                             ;
+----------+------------------+---------------+--------------+
; I/O Bank ; Usage            ; VCCIO Voltage ; VREF Voltage ;
+----------+------------------+---------------+--------------+
; 1        ; 11 / 36 ( 31 % ) ; 3.3V          ; --           ;
; 2        ; 9 / 40 ( 23 % )  ; 3.3V          ; --           ;
+----------+------------------+---------------+--------------+


+-----------------------------------------------------------------------------------------------------------------------------------------------------------------+
; All Package Pins                                                                                                                                                ;
+----------+------------+----------+---------------------------------+--------+--------------+-----------+------------+-----------------+----------+--------------+
; Location ; Pad Number ; I/O Bank ; Pin Name/Usage                  ; Dir.   ; I/O Standard ; Voltage   ; I/O Type   ; User Assignment ; Bus Hold ; Weak Pull Up ;
+----------+------------+----------+---------------------------------+--------+--------------+-----------+------------+-----------------+----------+--------------+
; 1        ; 161        ; 2        ; RESERVED_INPUT_WITH_WEAK_PULLUP ;        ;              ;           ; Column I/O ;                 ; no       ; On           ;
; 2        ; 2          ; 1        ; isl_CS_n                        ; input  ; 3.3-V LVTTL  ;           ; Column I/O ; Y               ; no       ; Off          ;
; 3        ; 4          ; 1        ; isl_SCLK                        ; input  ; 3.3-V LVTTL  ;           ; Column I/O ; Y               ; no       ; Off          ;
; 4        ; 6          ; 1        ; osl_MISO                        ; output ; 3.3-V LVTTL  ;           ; Row I/O    ; Y               ; no       ; Off          ;
; 5        ; 8          ; 1        ; isl_MOSI                        ; input  ; 3.3-V LVTTL  ;           ; Row I/O    ; Y               ; no       ; Off          ;
; 6        ; 9          ; 1        ; RESERVED_INPUT_WITH_WEAK_PULLUP ;        ;              ;           ; Row I/O    ;                 ; no       ; On           ;
; 7        ; 10         ; 1        ; RESERVED_INPUT_WITH_WEAK_PULLUP ;        ;              ;           ; Row I/O    ;                 ; no       ; On           ;
; 8        ; 11         ; 1        ; RESERVED_INPUT_WITH_WEAK_PULLUP ;        ;              ;           ; Row I/O    ;                 ; no       ; On           ;
; 9        ;            ; 1        ; VCCIO1                          ; power  ;              ; 3.3V      ; --         ;                 ; --       ; --           ;
; 10       ;            ;          ; GNDIO                           ; gnd    ;              ;           ; --         ;                 ; --       ; --           ;
; 11       ;            ;          ; GNDINT                          ; gnd    ;              ;           ; --         ;                 ; --       ; --           ;
; 12       ; 20         ; 1        ; RESERVED_INPUT_WITH_WEAK_PULLUP ;        ;              ;           ; Row I/O    ;                 ; no       ; On           ;
; 13       ;            ;          ; VCCINT                          ; power  ;              ; 2.5V/3.3V ; --         ;                 ; --       ; --           ;
; 14       ; 21         ; 1        ; RESERVED_INPUT_WITH_WEAK_PULLUP ;        ;              ;           ; Row I/O    ;                 ; no       ; On           ;
; 15       ; 22         ; 1        ; RESERVED_INPUT_WITH_WEAK_PULLUP ;        ;              ;           ; Row I/O    ;                 ; no       ; On           ;
; 16       ; 23         ; 1        ; RESERVED_INPUT_WITH_WEAK_PULLUP ;        ;              ;           ; Row I/O    ;                 ; no       ; On           ;
; 17       ; 24         ; 1        ; RESERVED_INPUT_WITH_WEAK_PULLUP ;        ;              ;           ; Row I/O    ;                 ; no       ; On           ;
; 18       ; 25         ; 1        ; RESERVED_INPUT_WITH_WEAK_PULLUP ;        ;              ;           ; Row I/O    ;                 ; no       ; On           ;
; 19       ; 32         ; 1        ; RESERVED_INPUT_WITH_WEAK_PULLUP ;        ;              ;           ; Row I/O    ;                 ; no       ; On           ;
; 20       ; 34         ; 1        ; RESERVED_INPUT_WITH_WEAK_PULLUP ;        ;              ;           ; Column I/O ;                 ; no       ; On           ;
; 21       ; 36         ; 1        ; RESERVED_INPUT_WITH_WEAK_PULLUP ;        ;              ;           ; Column I/O ;                 ; no       ; On           ;
; 22       ; 38         ; 1        ; #TMS                            ; input  ;              ;           ; --         ;                 ; --       ; --           ;
; 23       ; 39         ; 1        ; #TDI                            ; input  ;              ;           ; --         ;                 ; --       ; --           ;
; 24       ; 40         ; 1        ; #TCK                            ; input  ;              ;           ; --         ;                 ; --       ; --           ;
; 25       ; 41         ; 1        ; #TDO                            ; output ;              ;           ; --         ;                 ; --       ; --           ;
; 26       ; 47         ; 1        ; isl_selector                    ; input  ; 3.3-V LVTTL  ;           ; Column I/O ; Y               ; no       ; Off          ;
; 27       ; 48         ; 1        ; isl_MISO_MOT                    ; input  ; 3.3-V LVTTL  ;           ; Column I/O ; Y               ; no       ; Off          ;
; 28       ; 50         ; 1        ; RESERVED_INPUT_WITH_WEAK_PULLUP ;        ;              ;           ; Column I/O ;                 ; no       ; On           ;
; 29       ; 51         ; 1        ; RESERVED_INPUT_WITH_WEAK_PULLUP ;        ;              ;           ; Column I/O ;                 ; no       ; On           ;
; 30       ; 52         ; 1        ; RESERVED_INPUT_WITH_WEAK_PULLUP ;        ;              ;           ; Column I/O ;                 ; no       ; On           ;
; 31       ;            ; 1        ; VCCIO1                          ; power  ;              ; 3.3V      ; --         ;                 ; --       ; --           ;
; 32       ;            ;          ; GNDIO                           ; gnd    ;              ;           ; --         ;                 ; --       ; --           ;
; 33       ; 58         ; 1        ; RESERVED_INPUT_WITH_WEAK_PULLUP ;        ;              ;           ; Column I/O ;                 ; no       ; On           ;
; 34       ; 59         ; 1        ; RESERVED_INPUT_WITH_WEAK_PULLUP ;        ;              ;           ; Column I/O ;                 ; no       ; On           ;
; 35       ; 60         ; 1        ; osl_MOSI                        ; output ; 3.3-V LVTTL  ;           ; Column I/O ; Y               ; no       ; Off          ;
; 36       ; 61         ; 1        ; isl_MISO_SENS                   ; input  ; 3.3-V LVTTL  ;           ; Column I/O ; Y               ; no       ; Off          ;
; 37       ;            ;          ; GNDINT                          ; gnd    ;              ;           ; --         ;                 ; --       ; --           ;
; 38       ; 62         ; 1        ; RESERVED_INPUT_WITH_WEAK_PULLUP ;        ;              ;           ; Column I/O ;                 ; no       ; On           ;
; 39       ;            ;          ; VCCINT                          ; power  ;              ; 2.5V/3.3V ; --         ;                 ; --       ; --           ;
; 40       ; 63         ; 1        ; RESERVED_INPUT_WITH_WEAK_PULLUP ;        ;              ;           ; Column I/O ;                 ; no       ; On           ;
; 41       ; 64         ; 1        ; osl_SCLK                        ; output ; 3.3-V LVTTL  ;           ; Column I/O ; Y               ; no       ; Off          ;
; 42       ; 65         ; 1        ; RESERVED_INPUT_WITH_WEAK_PULLUP ;        ;              ;           ; Column I/O ;                 ; no       ; On           ;
; 43       ; 66         ; 1        ; osl_CS_1_n                      ; output ; 3.3-V LVTTL  ;           ; Column I/O ; Y               ; no       ; Off          ;
; 44       ; 67         ; 1        ; osl_CS_0_n                      ; output ; 3.3-V LVTTL  ;           ; Column I/O ; Y               ; no       ; Off          ;
; 45       ;            ; 1        ; VCCIO1                          ; power  ;              ; 3.3V      ; --         ;                 ; --       ; --           ;
; 46       ;            ;          ; GNDIO                           ; gnd    ;              ;           ; --         ;                 ; --       ; --           ;
; 47       ; 71         ; 1        ; RESERVED_INPUT_WITH_WEAK_PULLUP ;        ;              ;           ; Column I/O ;                 ; no       ; On           ;
; 48       ; 72         ; 1        ; RESERVED_INPUT_WITH_WEAK_PULLUP ;        ;              ;           ; Column I/O ;                 ; no       ; On           ;
; 49       ; 73         ; 1        ; RESERVED_INPUT_WITH_WEAK_PULLUP ;        ;              ;           ; Column I/O ;                 ; no       ; On           ;
; 50       ; 75         ; 1        ; RESERVED_INPUT_WITH_WEAK_PULLUP ;        ;              ;           ; Column I/O ;                 ; no       ; On           ;
; 51       ; 79         ; 1        ; RESERVED_INPUT_WITH_WEAK_PULLUP ;        ;              ;           ; Column I/O ;                 ; no       ; On           ;
; 52       ; 83         ; 2        ; RESERVED_INPUT_WITH_WEAK_PULLUP ;        ;              ;           ; Row I/O    ;                 ; no       ; On           ;
; 53       ; 84         ; 2        ; RESERVED_INPUT_WITH_WEAK_PULLUP ;        ;              ;           ; Row I/O    ;                 ; no       ; On           ;
; 54       ; 86         ; 2        ; RESERVED_INPUT_WITH_WEAK_PULLUP ;        ;              ;           ; Row I/O    ;                 ; no       ; On           ;
; 55       ; 89         ; 2        ; RESERVED_INPUT_WITH_WEAK_PULLUP ;        ;              ;           ; Row I/O    ;                 ; no       ; On           ;
; 56       ; 91         ; 2        ; RESERVED_INPUT_WITH_WEAK_PULLUP ;        ;              ;           ; Row I/O    ;                 ; no       ; On           ;
; 57       ; 92         ; 2        ; RESERVED_INPUT_WITH_WEAK_PULLUP ;        ;              ;           ; Row I/O    ;                 ; no       ; On           ;
; 58       ; 93         ; 2        ; RESERVED_INPUT_WITH_WEAK_PULLUP ;        ;              ;           ; Row I/O    ;                 ; no       ; On           ;
; 59       ;            ; 2        ; VCCIO2                          ; power  ;              ; 3.3V      ; --         ;                 ; --       ; --           ;
; 60       ;            ;          ; GNDIO                           ; gnd    ;              ;           ; --         ;                 ; --       ; --           ;
; 61       ; 98         ; 2        ; RESERVED_INPUT_WITH_WEAK_PULLUP ;        ;              ;           ; Row I/O    ;                 ; no       ; On           ;
; 62       ; 101        ; 2        ; isl_clk                         ; input  ; 3.3-V LVTTL  ;           ; Row I/O    ; Y               ; no       ; Off          ;
; 63       ;            ;          ; VCCINT                          ; power  ;              ; 2.5V/3.3V ; --         ;                 ; --       ; --           ;
; 64       ; 102        ; 2        ; RESERVED_INPUT_WITH_WEAK_PULLUP ;        ;              ;           ; Row I/O    ;                 ; no       ; On           ;
; 65       ;            ;          ; GNDINT                          ; gnd    ;              ;           ; --         ;                 ; --       ; --           ;
; 66       ; 103        ; 2        ; RESERVED_INPUT_WITH_WEAK_PULLUP ;        ;              ;           ; Row I/O    ;                 ; no       ; On           ;
; 67       ; 104        ; 2        ; RESERVED_INPUT_WITH_WEAK_PULLUP ;        ;              ;           ; Row I/O    ;                 ; no       ; On           ;
; 68       ; 105        ; 2        ; islv_ios[0]                     ; input  ; 3.3-V LVTTL  ;           ; Row I/O    ; Y               ; no       ; Off          ;
; 69       ; 111        ; 2        ; islv_ios[1]                     ; input  ; 3.3-V LVTTL  ;           ; Row I/O    ; Y               ; no       ; Off          ;
; 70       ; 112        ; 2        ; islv_ios[2]                     ; input  ; 3.3-V LVTTL  ;           ; Row I/O    ; Y               ; no       ; Off          ;
; 71       ; 115        ; 2        ; islv_ios[3]                     ; input  ; 3.3-V LVTTL  ;           ; Row I/O    ; Y               ; no       ; Off          ;
; 72       ; 116        ; 2        ; oslv_leds[0]                    ; output ; 3.3-V LVTTL  ;           ; Row I/O    ; Y               ; no       ; Off          ;
; 73       ; 118        ; 2        ; oslv_leds[1]                    ; output ; 3.3-V LVTTL  ;           ; Row I/O    ; Y               ; no       ; Off          ;
; 74       ; 120        ; 2        ; oslv_leds[2]                    ; output ; 3.3-V LVTTL  ;           ; Row I/O    ; Y               ; no       ; Off          ;
; 75       ; 122        ; 2        ; oslv_leds[3]                    ; output ; 3.3-V LVTTL  ;           ; Row I/O    ; Y               ; no       ; Off          ;
; 76       ; 125        ; 2        ; RESERVED_INPUT_WITH_WEAK_PULLUP ;        ;              ;           ; Column I/O ;                 ; no       ; On           ;
; 77       ; 126        ; 2        ; RESERVED_INPUT_WITH_WEAK_PULLUP ;        ;              ;           ; Column I/O ;                 ; no       ; On           ;
; 78       ; 127        ; 2        ; RESERVED_INPUT_WITH_WEAK_PULLUP ;        ;              ;           ; Column I/O ;                 ; no       ; On           ;
; 79       ;            ;          ; GNDIO                           ; gnd    ;              ;           ; --         ;                 ; --       ; --           ;
; 80       ;            ; 2        ; VCCIO2                          ; power  ;              ; 3.3V      ; --         ;                 ; --       ; --           ;
; 81       ; 135        ; 2        ; RESERVED_INPUT_WITH_WEAK_PULLUP ;        ;              ;           ; Column I/O ;                 ; no       ; On           ;
; 82       ; 136        ; 2        ; RESERVED_INPUT_WITH_WEAK_PULLUP ;        ;              ;           ; Column I/O ;                 ; no       ; On           ;
; 83       ; 139        ; 2        ; RESERVED_INPUT_WITH_WEAK_PULLUP ;        ;              ;           ; Column I/O ;                 ; no       ; On           ;
; 84       ; 140        ; 2        ; RESERVED_INPUT_WITH_WEAK_PULLUP ;        ;              ;           ; Column I/O ;                 ; no       ; On           ;
; 85       ; 141        ; 2        ; RESERVED_INPUT_WITH_WEAK_PULLUP ;        ;              ;           ; Column I/O ;                 ; no       ; On           ;
; 86       ; 142        ; 2        ; RESERVED_INPUT_WITH_WEAK_PULLUP ;        ;              ;           ; Column I/O ;                 ; no       ; On           ;
; 87       ; 143        ; 2        ; RESERVED_INPUT_WITH_WEAK_PULLUP ;        ;              ;           ; Column I/O ;                 ; no       ; On           ;
; 88       ;            ;          ; VCCINT                          ; power  ;              ; 2.5V/3.3V ; --         ;                 ; --       ; --           ;
; 89       ; 144        ; 2        ; RESERVED_INPUT_WITH_WEAK_PULLUP ;        ;              ;           ; Column I/O ;                 ; no       ; On           ;
; 90       ;            ;          ; GNDINT                          ; gnd    ;              ;           ; --         ;                 ; --       ; --           ;
; 91       ; 149        ; 2        ; RESERVED_INPUT_WITH_WEAK_PULLUP ;        ;              ;           ; Column I/O ;                 ; no       ; On           ;
; 92       ; 150        ; 2        ; RESERVED_INPUT_WITH_WEAK_PULLUP ;        ;              ;           ; Column I/O ;                 ; no       ; On           ;
; 93       ;            ;          ; GNDIO                           ; gnd    ;              ;           ; --         ;                 ; --       ; --           ;
; 94       ;            ; 2        ; VCCIO2                          ; power  ;              ; 3.3V      ; --         ;                 ; --       ; --           ;
; 95       ; 151        ; 2        ; RESERVED_INPUT_WITH_WEAK_PULLUP ;        ;              ;           ; Column I/O ;                 ; no       ; On           ;
; 96       ; 152        ; 2        ; RESERVED_INPUT_WITH_WEAK_PULLUP ;        ;              ;           ; Column I/O ;                 ; no       ; On           ;
; 97       ; 153        ; 2        ; RESERVED_INPUT_WITH_WEAK_PULLUP ;        ;              ;           ; Column I/O ;                 ; no       ; On           ;
; 98       ; 155        ; 2        ; RESERVED_INPUT_WITH_WEAK_PULLUP ;        ;              ;           ; Column I/O ;                 ; no       ; On           ;
; 99       ; 156        ; 2        ; RESERVED_INPUT_WITH_WEAK_PULLUP ;        ;              ;           ; Column I/O ;                 ; no       ; On           ;
; 100      ; 158        ; 2        ; RESERVED_INPUT_WITH_WEAK_PULLUP ;        ;              ;           ; Column I/O ;                 ; no       ; On           ;
+----------+------------+----------+---------------------------------+--------+--------------+-----------+------------+-----------------+----------+--------------+
Note: Pin directions (input, output or bidir) are based on device operating in user mode.


+-------------------------------------------------------------+
; Output Pin Default Load For Reported TCO                    ;
+----------------------------+-------+------------------------+
; I/O Standard               ; Load  ; Termination Resistance ;
+----------------------------+-------+------------------------+
; 3.3-V LVTTL                ; 10 pF ; Not Available          ;
; 3.3-V LVCMOS               ; 10 pF ; Not Available          ;
; 2.5 V                      ; 10 pF ; Not Available          ;
; 1.8 V                      ; 10 pF ; Not Available          ;
; 1.5 V                      ; 10 pF ; Not Available          ;
; 3.3V Schmitt Trigger Input ; 10 pF ; Not Available          ;
; 2.5V Schmitt Trigger Input ; 10 pF ; Not Available          ;
+----------------------------+-------+------------------------+
Note: User assignments will override these defaults. The user specified values are listed in the Output Pins and Bidir Pins tables.


+----------------------------------------------------------------------------------------------------------------------------------------------------------------------------------------------------------------------------------+
; Fitter Resource Utilization by Entity                                                                                                                                                                                            ;
+----------------------------+-------------+--------------+------------+------+--------------+--------------+-------------------+------------------+-----------------+------------+---------------------------------+--------------+
; Compilation Hierarchy Node ; Logic Cells ; LC Registers ; UFM Blocks ; Pins ; Virtual Pins ; LUT-Only LCs ; Register-Only LCs ; LUT/Register LCs ; Carry Chain LCs ; Packed LCs ; Full Hierarchy Name             ; Library Name ;
+----------------------------+-------------+--------------+------------+------+--------------+--------------+-------------------+------------------+-----------------+------------+---------------------------------+--------------+
; |spi_cs_mux                ; 50 (46)     ; 27           ; 0          ; 20   ; 0            ; 23 (23)      ; 5 (4)             ; 22 (19)          ; 11 (11)         ; 3 (3)      ; |spi_cs_mux                     ; work         ;
;    |sync:sync_cs|          ; 1 (1)       ; 1            ; 0          ; 0    ; 0            ; 0 (0)        ; 0 (0)             ; 1 (1)            ; 0 (0)           ; 0 (0)      ; |spi_cs_mux|sync:sync_cs        ; work         ;
;    |sync:sync_miso_sens|   ; 1 (1)       ; 1            ; 0          ; 0    ; 0            ; 0 (0)        ; 0 (0)             ; 1 (1)            ; 0 (0)           ; 0 (0)      ; |spi_cs_mux|sync:sync_miso_sens ; work         ;
;    |sync:sync_mosi|        ; 1 (1)       ; 1            ; 0          ; 0    ; 0            ; 0 (0)        ; 1 (1)             ; 0 (0)            ; 0 (0)           ; 0 (0)      ; |spi_cs_mux|sync:sync_mosi      ; work         ;
;    |sync:sync_sck|         ; 1 (1)       ; 1            ; 0          ; 0    ; 0            ; 0 (0)        ; 0 (0)             ; 1 (1)            ; 0 (0)           ; 0 (0)      ; |spi_cs_mux|sync:sync_sck       ; work         ;
+----------------------------+-------------+--------------+------------+------+--------------+--------------+-------------------+------------------+-----------------+------------+---------------------------------+--------------+
Note: For table entries with two numbers listed, the numbers in parentheses indicate the number of resources of the given type used by the specific entity alone. The numbers listed outside of parentheses indicate the total resources of the given type used by the specific entity and all of its sub-entities in the hierarchy.


+------------------------------------------+
; Delay Chain Summary                      ;
+---------------+----------+---------------+
; Name          ; Pin Type ; Pad to Core 0 ;
+---------------+----------+---------------+
; isl_selector  ; Input    ; (1)           ;
; islv_ios[1]   ; Input    ; (1)           ;
; islv_ios[2]   ; Input    ; (1)           ;
; islv_ios[3]   ; Input    ; (1)           ;
; islv_ios[0]   ; Input    ; (1)           ;
; isl_MISO_MOT  ; Input    ; (1)           ;
; isl_clk       ; Input    ; (0)           ;
; isl_MISO_SENS ; Input    ; (1)           ;
; isl_CS_n      ; Input    ; (1)           ;
; isl_SCLK      ; Input    ; (0)           ;
; isl_MOSI      ; Input    ; (1)           ;
; osl_MISO      ; Output   ; --            ;
; osl_CS_0_n    ; Output   ; --            ;
; osl_CS_1_n    ; Output   ; --            ;
; osl_SCLK      ; Output   ; --            ;
; osl_MOSI      ; Output   ; --            ;
; oslv_leds[0]  ; Output   ; --            ;
; oslv_leds[1]  ; Output   ; --            ;
; oslv_leds[2]  ; Output   ; --            ;
; oslv_leds[3]  ; Output   ; --            ;
+---------------+----------+---------------+


+----------------------------------------------------------------------------------------------------------+
; Control Signals                                                                                          ;
+----------------+-------------+---------+--------------+--------+----------------------+------------------+
; Name           ; Location    ; Fan-Out ; Usage        ; Global ; Global Resource Used ; Global Line Name ;
+----------------+-------------+---------+--------------+--------+----------------------+------------------+
; isl_clk        ; PIN_62      ; 27      ; Clock        ; yes    ; Global Clock         ; GCLK2            ;
; oslv_leds[0]~1 ; LC_X3_Y6_N9 ; 4       ; Clock enable ; no     ; --                   ; --               ;
; rxCount[5]~0   ; LC_X4_Y7_N1 ; 12      ; Async. clear ; yes    ; Global Clock         ; GCLK3            ;
; rxCount[5]~1   ; LC_X4_Y7_N6 ; 6       ; Clock enable ; no     ; --                   ; --               ;
; txCount[5]~10  ; LC_X4_Y7_N7 ; 5       ; Clock enable ; no     ; --                   ; --               ;
+----------------+-------------+---------+--------------+--------+----------------------+------------------+


+--------------------------------------------------------------------------------+
; Global & Other Fast Signals                                                    ;
+--------------+-------------+---------+----------------------+------------------+
; Name         ; Location    ; Fan-Out ; Global Resource Used ; Global Line Name ;
+--------------+-------------+---------+----------------------+------------------+
; isl_clk      ; PIN_62      ; 27      ; Global Clock         ; GCLK2            ;
; rxCount[5]~0 ; LC_X4_Y7_N1 ; 12      ; Global Clock         ; GCLK3            ;
+--------------+-------------+---------+----------------------+------------------+


+---------------------------------+
; Non-Global High Fan-Out Signals ;
+----------------------+----------+
; Name                 ; Fan-Out  ;
+----------------------+----------+
; isl_selector         ; 10       ;
; rxCount[0]           ; 9        ;
; sync:sync_mosi|q     ; 7        ;
; rxCount[5]~1         ; 6        ;
; sync:sync_sck|q      ; 5        ;
; rxCount[1]           ; 5        ;
; rxCount[4]           ; 5        ;
; txCount[5]~10        ; 5        ;
; oldSCLK              ; 5        ;
; sync:sync_cs|q       ; 5        ;
; oslv_leds[0]~1       ; 4        ;
; oslv_leds[0]~0       ; 4        ;
; Equal0~0             ; 3        ;
; rxCount[2]           ; 3        ;
; rxCount[3]           ; 3        ;
; txCount[0]           ; 3        ;
; txCount[1]           ; 3        ;
; Decoder0~3           ; 2        ;
; Decoder0~2           ; 2        ;
; Add0~2               ; 2        ;
; Decoder0~0           ; 2        ;
; rxBuff[19]           ; 2        ;
; rxBuff[18]           ; 2        ;
; rxBuff[17]           ; 2        ;
; rxBuff[31]           ; 2        ;
; rxBuff[30]           ; 2        ;
; Equal0~2             ; 2        ;
; rxCount[5]           ; 2        ;
; rxBuff[16]           ; 2        ;
; txCount[4]           ; 2        ;
; txCount[3]           ; 2        ;
; txCount[5]           ; 2        ;
; txCount[2]           ; 2        ;
; isl_MOSI             ; 1        ;
; isl_SCLK             ; 1        ;
; isl_CS_n             ; 1        ;
; isl_MISO_SENS        ; 1        ;
; isl_MISO_MOT         ; 1        ;
; islv_ios[0]          ; 1        ;
; islv_ios[3]          ; 1        ;
; islv_ios[2]          ; 1        ;
; islv_ios[1]          ; 1        ;
; Add0~27COUT1_36      ; 1        ;
; Add0~27              ; 1        ;
; Decoder0~1           ; 1        ;
; Add0~22COUT1_38      ; 1        ;
; Add0~22              ; 1        ;
; Add0~20              ; 1        ;
; Add0~15              ; 1        ;
; Add0~12COUT1_42      ; 1        ;
; Add0~12              ; 1        ;
; Add0~10              ; 1        ;
; Add0~7COUT1_40       ; 1        ;
; Add0~7               ; 1        ;
; Add0~5               ; 1        ;
; Add0~0               ; 1        ;
; Equal0~1             ; 1        ;
; oslv_leds[3]~reg0    ; 1        ;
; oslv_leds[2]~reg0    ; 1        ;
; oslv_leds[1]~reg0    ; 1        ;
; oslv_leds[0]~reg0    ; 1        ;
; osl_CS_1_n~0         ; 1        ;
; osl_CS_0_n~0         ; 1        ;
; osl_MISO~5           ; 1        ;
; osl_MISO~4           ; 1        ;
; osl_MISO~3           ; 1        ;
; txCount[4]~9COUT1_24 ; 1        ;
; txCount[4]~9         ; 1        ;
; txCount[3]~7COUT1_22 ; 1        ;
; txCount[3]~7         ; 1        ;
; osl_MISO~2           ; 1        ;
; txCount[2]~3COUT1_20 ; 1        ;
; txCount[2]~3         ; 1        ;
; osl_MISO~1           ; 1        ;
; osl_MISO~0           ; 1        ;
; txCount[1]~1COUT1_18 ; 1        ;
; txCount[1]~1         ; 1        ;
+----------------------+----------+


+--------------------------------------------------+
; Interconnect Usage Summary                       ;
+----------------------------+---------------------+
; Interconnect Resource Type ; Usage               ;
+----------------------------+---------------------+
; C4s                        ; 40 / 1,624 ( 2 % )  ;
; Direct links               ; 8 / 1,930 ( < 1 % ) ;
; Global clocks              ; 2 / 4 ( 50 % )      ;
; LAB clocks                 ; 4 / 56 ( 7 % )      ;
; LUT chains                 ; 1 / 513 ( < 1 % )   ;
; Local interconnects        ; 67 / 1,930 ( 3 % )  ;
; R4s                        ; 53 / 1,472 ( 4 % )  ;
+----------------------------+---------------------+


+---------------------------------------------------------------------------+
; LAB Logic Elements                                                        ;
+---------------------------------------------+-----------------------------+
; Number of Logic Elements  (Average = 10.00) ; Number of LABs  (Total = 5) ;
+---------------------------------------------+-----------------------------+
; 1                                           ; 0                           ;
; 2                                           ; 0                           ;
; 3                                           ; 0                           ;
; 4                                           ; 0                           ;
; 5                                           ; 0                           ;
; 6                                           ; 0                           ;
; 7                                           ; 0                           ;
; 8                                           ; 0                           ;
; 9                                           ; 0                           ;
; 10                                          ; 5                           ;
+---------------------------------------------+-----------------------------+


+------------------------------------------------------------------+
; LAB-wide Signals                                                 ;
+------------------------------------+-----------------------------+
; LAB-wide Signals  (Average = 2.20) ; Number of LABs  (Total = 5) ;
+------------------------------------+-----------------------------+
; 1 Async. clear                     ; 3                           ;
; 1 Clock                            ; 5                           ;
; 1 Clock enable                     ; 3                           ;
+------------------------------------+-----------------------------+


+----------------------------------------------------------------------------+
; LAB Signals Sourced                                                        ;
+----------------------------------------------+-----------------------------+
; Number of Signals Sourced  (Average = 10.20) ; Number of LABs  (Total = 5) ;
+----------------------------------------------+-----------------------------+
; 0                                            ; 0                           ;
; 1                                            ; 0                           ;
; 2                                            ; 0                           ;
; 3                                            ; 0                           ;
; 4                                            ; 0                           ;
; 5                                            ; 0                           ;
; 6                                            ; 0                           ;
; 7                                            ; 0                           ;
; 8                                            ; 0                           ;
; 9                                            ; 1                           ;
; 10                                           ; 3                           ;
; 11                                           ; 0                           ;
; 12                                           ; 1                           ;
+----------------------------------------------+-----------------------------+


+-------------------------------------------------------------------------------+
; LAB Signals Sourced Out                                                       ;
+-------------------------------------------------+-----------------------------+
; Number of Signals Sourced Out  (Average = 7.00) ; Number of LABs  (Total = 5) ;
+-------------------------------------------------+-----------------------------+
; 0                                               ; 0                           ;
; 1                                               ; 0                           ;
; 2                                               ; 1                           ;
; 3                                               ; 0                           ;
; 4                                               ; 0                           ;
; 5                                               ; 0                           ;
; 6                                               ; 0                           ;
; 7                                               ; 2                           ;
; 8                                               ; 1                           ;
; 9                                               ; 0                           ;
; 10                                              ; 0                           ;
; 11                                              ; 1                           ;
+-------------------------------------------------+-----------------------------+


+----------------------------------------------------------------------------+
; LAB Distinct Inputs                                                        ;
+----------------------------------------------+-----------------------------+
; Number of Distinct Inputs  (Average = 11.60) ; Number of LABs  (Total = 5) ;
+----------------------------------------------+-----------------------------+
; 0                                            ; 0                           ;
; 1                                            ; 0                           ;
; 2                                            ; 0                           ;
; 3                                            ; 0                           ;
; 4                                            ; 0                           ;
; 5                                            ; 0                           ;
; 6                                            ; 1                           ;
; 7                                            ; 0                           ;
; 8                                            ; 0                           ;
; 9                                            ; 0                           ;
; 10                                           ; 0                           ;
; 11                                           ; 2                           ;
; 12                                           ; 0                           ;
; 13                                           ; 0                           ;
; 14                                           ; 0                           ;
; 15                                           ; 2                           ;
+----------------------------------------------+-----------------------------+


+--------------------------------------------------------------------------------------+
; Fitter Device Options                                                                ;
+----------------------------------------------+---------------------------------------+
; Option                                       ; Setting                               ;
+----------------------------------------------+---------------------------------------+
; Enable user-supplied start-up clock (CLKUSR) ; Off                                   ;
; Enable device-wide reset (DEV_CLRn)          ; Off                                   ;
; Enable device-wide output enable (DEV_OE)    ; Off                                   ;
; Enable INIT_DONE output                      ; Off                                   ;
; Configuration scheme                         ; Passive Serial                        ;
; Reserve all unused pins                      ; As input tri-stated with weak pull-up ;
; Base pin-out file on sameframe device        ; Off                                   ;
+----------------------------------------------+---------------------------------------+


+-----------------+
; Fitter Messages ;
+-----------------+
Info: *******************************************************************
Info: Running Quartus II 64-Bit Fitter
    Info: Version 11.0 Build 157 04/27/2011 SJ Full Version
    Info: Processing started: Fri Apr 11 17:09:39 2014
Info: Command: quartus_fit --read_settings_files=off --write_settings_files=off spi_cs_mux -c spi_cs_mux
Info: Parallel compilation is enabled and will use 4 of the 4 processors detected
Info: Selected device EPM570T100C5 for design "spi_cs_mux"
Info: Low junction temperature is 0 degrees C
Info: High junction temperature is 85 degrees C
Info: Fitter is performing an Auto Fit compilation, which may decrease Fitter effort to reduce compilation time
Info: Device migration not selected. If you intend to use device migration later, you may need to change the pin assignments as they may be incompatible with other devices
    Info: Device EPM240T100C5 is compatible
    Info: Device EPM240T100I5 is compatible
    Info: Device EPM240T100A5 is compatible
    Info: Device EPM570T100I5 is compatible
    Info: Device EPM570T100A5 is compatible
Info: Timing-driven compilation is using the TimeQuest Timing Analyzer
Info: Reading SDC File: '../src/spi_cs_mux.sdc'
Info: Detected timing requirements -- optimizing circuit to achieve only the specified requirements
Info: Found 2 clocks
    Info:   Period   Clock Name
    Info: ======== ============
    Info:   10.000      isl_clk
    Info:  125.000     isl_SCLK
Info: Completed User Assigned Global Signals Promotion Operation
Info: Automatically promoted signal "isl_clk" to use Global clock in PIN 62
Info: Automatically promoted signal "rxCount[5]~0" to use Global clock
Info: Completed Auto Global Promotion Operation
Info: Starting register packing
Info: Fitter is using Normal packing mode for logic elements with Auto setting for Auto Packed Registers logic option
Info: Started processing fast register assignments
Info: Finished processing fast register assignments
Info: Finished register packing
Info: Fitter preparation operations ending: elapsed time is 00:00:00
Info: Fitter placement preparation operations beginning
Info: Fitter placement preparation operations ending: elapsed time is 00:00:00
Info: Fitter placement operations beginning
Info: Fitter placement was successful
Info: Fitter placement operations ending: elapsed time is 00:00:00
Info: Fitter routing operations beginning
Info: Router estimated average interconnect usage is 3% of the available device resources
    Info: Router estimated peak interconnect usage is 3% of the available device resources in the region that extends from location X0_Y0 to location X13_Y8
Info: Fitter routing operations ending: elapsed time is 00:00:00
Info: The Fitter performed an Auto Fit compilation.  Optimizations were skipped to reduce compilation time.
    Info: Optimizations that may affect the design's routability were skipped
    Info: Optimizations that may affect the design's timing were skipped
Info: Generated suppressed messages file D:/ass-scara/VHDL/SPI_CS_MUX/quartus_ii_max_ii/spi_cs_mux.fit.smsg
Info: Quartus II 64-Bit Fitter was successful. 0 errors, 0 warnings
    Info: Peak virtual memory: 447 megabytes
    Info: Processing ended: Fri Apr 11 17:09:41 2014
    Info: Elapsed time: 00:00:02
    Info: Total CPU time (on all processors): 00:00:01


+----------------------------+
; Fitter Suppressed Messages ;
+----------------------------+
The suppressed messages can be found in D:/ass-scara/VHDL/SPI_CS_MUX/quartus_ii_max_ii/spi_cs_mux.fit.smsg.


