Flow report for spi_cs_mux
Fri Apr 11 17:09:43 2014
Quartus II 64-Bit Version 11.0 Build 157 04/27/2011 SJ Full Version


---------------------
; Table of Contents ;
---------------------
  1. Legal Notice
  2. Flow Summary
  3. Flow Settings
  4. Flow Non-Default Global Settings
  5. Flow Elapsed Time
  6. Flow OS Summary
  7. Flow Log



----------------
; Legal Notice ;
----------------
Copyright (C) 1991-2011 Altera Corporation
Your use of Altera Corporation's design tools, logic functions 
and other software and tools, and its AMPP partner logic 
functions, and any output files from any of the foregoing 
(including device programming or simulation files), and any 
associated documentation or information are expressly subject 
to the terms and conditions of the Altera Program License 
Subscription Agreement, Altera MegaCore Function License 
Agreement, or other applicable license agreement, including, 
without limitation, that your use is for the sole purpose of 
programming logic devices manufactured by Altera and sold by 
Altera or its authorized distributors.  Please refer to the 
applicable agreement for further details.



+-----------------------------------------------------------------------+
; Flow Summary                                                          ;
+---------------------------+-------------------------------------------+
; Flow Status               ; Successful - Fri Apr 11 17:09:42 2014     ;
; Quartus II 64-Bit Version ; 11.0 Build 157 04/27/2011 SJ Full Version ;
; Revision Name             ; spi_cs_mux                                ;
; Top-level Entity Name     ; spi_cs_mux                                ;
; Family                    ; MAX II                                    ;
; Device                    ; EPM570T100C5                              ;
; Timing Models             ; Final                                     ;
; Total logic elements      ; 50 / 570 ( 9 % )                          ;
; Total pins                ; 20 / 76 ( 26 % )                          ;
; Total virtual pins        ; 0                                         ;
; UFM blocks                ; 0 / 1 ( 0 % )                             ;
+---------------------------+-------------------------------------------+


+-----------------------------------------+
; Flow Settings                           ;
+-------------------+---------------------+
; Option            ; Setting             ;
+-------------------+---------------------+
; Start date & time ; 04/11/2014 17:09:37 ;
; Main task         ; Compilation         ;
; Revision Name     ; spi_cs_mux          ;
+-------------------+---------------------+


+----------------------------------------------------------------------------------------------------------------------+
; Flow Non-Default Global Settings                                                                                     ;
+---------------------------------------+------------------------------+--------------------+-------------+------------+
; Assignment Name                       ; Value                        ; Default Value      ; Entity Name ; Section Id ;
+---------------------------------------+------------------------------+--------------------+-------------+------------+
; COMPILER_SIGNATURE_ID                 ; 153253988360.139722897704932 ; --                 ; --          ; --         ;
; MAX_CORE_JUNCTION_TEMP                ; 85                           ; --                 ; --          ; --         ;
; MIN_CORE_JUNCTION_TEMP                ; 0                            ; --                 ; --          ; --         ;
; OPTIMIZE_POWER_DURING_FITTING         ; Off                          ; Normal compilation ; --          ; --         ;
; POWER_EXT_SUPPLY_VOLTAGE_TO_REGULATOR ; 3.3V                         ; --                 ; --          ; --         ;
; POWER_PRESET_COOLING_SOLUTION         ; No Heat Sink With Still Air  ; --                 ; --          ; --         ;
; SYNTH_TIMING_DRIVEN_SYNTHESIS         ; Off                          ; --                 ; --          ; --         ;
+---------------------------------------+------------------------------+--------------------+-------------+------------+


+-------------------------------------------------------------------------------------------------------------------------------+
; Flow Elapsed Time                                                                                                             ;
+---------------------------+--------------+-------------------------+---------------------+------------------------------------+
; Module Name               ; Elapsed Time ; Average Processors Used ; Peak Virtual Memory ; Total CPU Time (on all processors) ;
+---------------------------+--------------+-------------------------+---------------------+------------------------------------+
; Analysis & Synthesis      ; 00:00:02     ; 1.0                     ; 370 MB              ; 00:00:02                           ;
; Fitter                    ; 00:00:02     ; 1.0                     ; 447 MB              ; 00:00:01                           ;
; Assembler                 ; 00:00:01     ; 1.0                     ; 285 MB              ; 00:00:00                           ;
; TimeQuest Timing Analyzer ; 00:00:01     ; 1.0                     ; 303 MB              ; 00:00:01                           ;
; Total                     ; 00:00:06     ; --                      ; --                  ; 00:00:04                           ;
+---------------------------+--------------+-------------------------+---------------------+------------------------------------+


+----------------------------------------------------------------------------------------+
; Flow OS Summary                                                                        ;
+---------------------------+------------------+-----------+------------+----------------+
; Module Name               ; Machine Hostname ; OS Name   ; OS Version ; Processor type ;
+---------------------------+------------------+-----------+------------+----------------+
; Analysis & Synthesis      ; PCEMS042         ; Windows 7 ; 6.1        ; x86_64         ;
; Fitter                    ; PCEMS042         ; Windows 7 ; 6.1        ; x86_64         ;
; Assembler                 ; PCEMS042         ; Windows 7 ; 6.1        ; x86_64         ;
; TimeQuest Timing Analyzer ; PCEMS042         ; Windows 7 ; 6.1        ; x86_64         ;
+---------------------------+------------------+-----------+------------+----------------+


------------
; Flow Log ;
------------
quartus_map --read_settings_files=on --write_settings_files=off spi_cs_mux -c spi_cs_mux
quartus_fit --read_settings_files=off --write_settings_files=off spi_cs_mux -c spi_cs_mux
quartus_asm --read_settings_files=off --write_settings_files=off spi_cs_mux -c spi_cs_mux
quartus_sta spi_cs_mux -c spi_cs_mux



